[debug] [2022-12-28T14:52:10.677Z] ----------------------------------------------------------------------
[debug] [2022-12-28T14:52:10.681Z] Command:       C:\Program Files\nodejs\node.exe C:\Users\mamar\AppData\Roaming\npm\node_modules\firebase-tools\lib\bin\firebase.js deploy
[debug] [2022-12-28T14:52:10.683Z] CLI Version:   11.19.0
[debug] [2022-12-28T14:52:10.683Z] Platform:      win32
[debug] [2022-12-28T14:52:10.683Z] Node Version:  v16.13.1
[debug] [2022-12-28T14:52:10.765Z] Time:          Wed Dec 28 2022 20:52:10 GMT+0600 (Bangladesh Standard Time)
[debug] [2022-12-28T14:52:10.766Z] ----------------------------------------------------------------------
[debug] 
[debug] [2022-12-28T14:52:10.931Z] > command requires scopes: ["email","openid","https://www.googleapis.com/auth/cloudplatformprojects.readonly","https://www.googleapis.com/auth/firebase","https://www.googleapis.com/auth/cloud-platform"]
[debug] [2022-12-28T14:52:10.932Z] > authorizing via signed-in user (masudulalammaruf@gmail.com)
[debug] [2022-12-28T14:52:10.932Z] [iam] checking project autofix-7cfa7 for permissions ["firebase.projects.get","firebasehosting.sites.update"]
[debug] [2022-12-28T14:52:10.935Z] >>> [apiv2][query] POST https://cloudresourcemanager.googleapis.com/v1/projects/autofix-7cfa7:testIamPermissions [none]
[debug] [2022-12-28T14:52:10.935Z] >>> [apiv2][(partial)header] POST https://cloudresourcemanager.googleapis.com/v1/projects/autofix-7cfa7:testIamPermissions x-goog-quota-user=projects/autofix-7cfa7
[debug] [2022-12-28T14:52:10.936Z] >>> [apiv2][body] POST https://cloudresourcemanager.googleapis.com/v1/projects/autofix-7cfa7:testIamPermissions {"permissions":["firebase.projects.get","firebasehosting.sites.update"]}
[debug] [2022-12-28T14:52:13.005Z] <<< [apiv2][status] POST https://cloudresourcemanager.googleapis.com/v1/projects/autofix-7cfa7:testIamPermissions 200
[debug] [2022-12-28T14:52:13.006Z] <<< [apiv2][body] POST https://cloudresourcemanager.googleapis.com/v1/projects/autofix-7cfa7:testIamPermissions {"permissions":["firebase.projects.get","firebasehosting.sites.update"]}
[debug] [2022-12-28T14:52:13.008Z] >>> [apiv2][query] GET https://firebase.googleapis.com/v1beta1/projects/autofix-7cfa7 [none]
[debug] [2022-12-28T14:52:18.319Z] <<< [apiv2][status] GET https://firebase.googleapis.com/v1beta1/projects/autofix-7cfa7 200
[debug] [2022-12-28T14:52:18.320Z] <<< [apiv2][body] GET https://firebase.googleapis.com/v1beta1/projects/autofix-7cfa7 {"projectId":"autofix-7cfa7","projectNumber":"276927858003","displayName":"AutoFix","name":"projects/autofix-7cfa7","resources":{"hostingSite":"autofix-7cfa7"},"state":"ACTIVE","etag":"1_652d0cb1-5393-4273-9656-7a2a9a9a9917"}
[info] 
[info] === Deploying to 'autofix-7cfa7'...
[info] 
[info] i  deploying hosting 
[debug] [2022-12-28T14:52:18.352Z] >>> [apiv2][query] POST https://firebasehosting.googleapis.com/v1beta1/projects/-/sites/autofix-7cfa7/versions [none]
[debug] [2022-12-28T14:52:18.353Z] >>> [apiv2][body] POST https://firebasehosting.googleapis.com/v1beta1/projects/-/sites/autofix-7cfa7/versions {"status":"CREATED","labels":{"deployment-tool":"cli-firebase"}}
[debug] [2022-12-28T14:52:23.023Z] <<< [apiv2][status] POST https://firebasehosting.googleapis.com/v1beta1/projects/-/sites/autofix-7cfa7/versions 200
[debug] [2022-12-28T14:52:23.023Z] <<< [apiv2][body] POST https://firebasehosting.googleapis.com/v1beta1/projects/-/sites/autofix-7cfa7/versions {"name":"projects/276927858003/sites/autofix-7cfa7/versions/553642e52f642791","status":"CREATED","config":{},"labels":{"deployment-tool":"cli-firebase"}}
[info] i  hosting[autofix-7cfa7]: beginning deploy... 
[info] i  hosting[autofix-7cfa7]: found 23 files in build 
[debug] [2022-12-28T14:52:23.045Z] [hosting] uploading with 200 concurrency
[debug] [2022-12-28T14:52:23.047Z] [hosting] hash cache [YnVpbGQ] not populated
[debug] [2022-12-28T14:52:23.351Z] [hosting] hash cache [YnVpbGQ] stored for 23 files
[debug] [2022-12-28T14:52:23.352Z] [hosting][hash queue][FINAL] {"max":292,"min":46,"avg":90.34782608695652,"active":0,"complete":23,"success":23,"errored":0,"retried":0,"total":23,"elapsed":303}
[debug] [2022-12-28T14:52:23.353Z] >>> [apiv2][query] POST https://firebasehosting.googleapis.com/v1beta1/projects/276927858003/sites/autofix-7cfa7/versions/553642e52f642791:populateFiles [none]
[debug] [2022-12-28T14:52:23.353Z] >>> [apiv2][body] POST https://firebasehosting.googleapis.com/v1beta1/projects/276927858003/sites/autofix-7cfa7/versions/553642e52f642791:populateFiles {"files":{"/asset-manifest.json":"d0e330bd0ab264993f5afa75ea8e1636bd3727c5a07ff4fc35ac3b6290952f67","/index.html":"355a7edd58704fac91a0939ee0770a695b93d8c6d843e251954b99b20a5aef40","/favicon.ico":"eae62e993eb980ec8a25058c39d5a51feab118bd2100c4deebb2a9c158ec11f9","/manifest.json":"aff3449bdc238776f5d6d967f19ec491b36aed5fb7f23ccff6500736fd58494a","/robots.txt":"bfe106a3fb878dc83461c86818bf74fc1bdc7f28538ba613cd3e775516ce8b49","/logo512.png":"ee7e2f3fdb8209c4b6fd7bef6ba50d1b9dba30a25bb5c3126df057e1cb6f5331","/static/js/787.48f404cd.chunk.js":"52430399e04cbeb6dda769cc6ca525b98c7de73f0e4204c26d18bd244f8abe20","/static/js/787.48f404cd.chunk.js.map":"92ecc5eb4cc22193183584142daea3499944579dad925fdcf7b6dcb43d7aae54","/static/js/main.cba2c44d.js.LICENSE.txt":"056a2e47fe48525aeadb2b16e2a597f1bbc43d5ee3b6697f7a1d9fb19cf0f7f5","/Services.json":"96fc3c24d0ed52711c54b2b00fed70a98d14dffdc2d88ba6a640923e2e77546b","/logo192.png":"3ee59515172ee198f3be375979df15ac5345183e656720a381b8872b2a39dc8b","/experts.json":"2e9780d146f7b78ed24d92413f38d5432184c6437122776a76d5990f609fcb0d","/static/css/main.183bd187.css":"7c06d325f815c653059b2649bbcb87dc88c95b78cebc4850c4074ff459e16a44","/static/media/Logo2.8071154d71db8c809c547af5985fd17d.svg":"b478b9d6898ca3760c22fe2add5527245c4e92045cae8f803bdfe79595d0528c","/static/js/main.cba2c44d.js":"613953ea4a9a3c4e6bbd5808e75d8f9ad4ef829615ff87104d5dbbb13f76c990","/static/css/main.183bd187.css.map":"7d9a56f9c3be5ce004428c0dc77c4f957509382800a7d9c38b5dc62550ee264f","/static/media/banner6.46ce5b4c372279d0e097.png":"54d1b55d90c7ab1fe2f25e78a9dc193a3e56545afd59a8d4f17db4492cb63233","/static/media/banner5.1dfddab119f914ea040a.png":"803b7debecdbaec4033838458e4e66fc95291e5cab0ae065889f9e1f10f3b9c2","/static/media/banner7.8181dff826a556c35759.png":"5738d151d17f7cae7f3a2937cd17d69e98bdfd8e9ec3390c55bf04661fdcf23b","/static/media/banner1.8294ae52265efe162d69.png":"488a684ca66c7fbe8bad477f1cbcee093ddd277e4b9020061c703d647b01fb8d","/static/media/banner3.dd6db2d57e05e5bc625a.png":"dc22c55ca65aa8ed43da09cfd7a89e807ef8083473f3e36e6f6684e5b20ac634","/static/media/banner2.690adf5622b48d5786fb.png":"80183b62dabbbbaed2c0550e6eea4f911e2887619a8f463c02dfee348abfcb61","/static/js/main.cba2c44d.js.map":"fbb69fd9980eabd8c7057866aa445ea4bda92e960eb791c9b07a379b5f9f3384"}}
[debug] [2022-12-28T14:52:25.587Z] <<< [apiv2][status] POST https://firebasehosting.googleapis.com/v1beta1/projects/276927858003/sites/autofix-7cfa7/versions/553642e52f642791:populateFiles 200
[debug] [2022-12-28T14:52:25.587Z] <<< [apiv2][body] POST https://firebasehosting.googleapis.com/v1beta1/projects/276927858003/sites/autofix-7cfa7/versions/553642e52f642791:populateFiles {"uploadRequiredHashes":["54d1b55d90c7ab1fe2f25e78a9dc193a3e56545afd59a8d4f17db4492cb63233","803b7debecdbaec4033838458e4e66fc95291e5cab0ae065889f9e1f10f3b9c2","d0e330bd0ab264993f5afa75ea8e1636bd3727c5a07ff4fc35ac3b6290952f67","eae62e993eb980ec8a25058c39d5a51feab118bd2100c4deebb2a9c158ec11f9","488a684ca66c7fbe8bad477f1cbcee093ddd277e4b9020061c703d647b01fb8d","355a7edd58704fac91a0939ee0770a695b93d8c6d843e251954b99b20a5aef40","5738d151d17f7cae7f3a2937cd17d69e98bdfd8e9ec3390c55bf04661fdcf23b","2e9780d146f7b78ed24d92413f38d5432184c6437122776a76d5990f609fcb0d","bfe106a3fb878dc83461c86818bf74fc1bdc7f28538ba613cd3e775516ce8b49","96fc3c24d0ed52711c54b2b00fed70a98d14dffdc2d88ba6a640923e2e77546b","056a2e47fe48525aeadb2b16e2a597f1bbc43d5ee3b6697f7a1d9fb19cf0f7f5","7c06d325f815c653059b2649bbcb87dc88c95b78cebc4850c4074ff459e16a44","b478b9d6898ca3760c22fe2add5527245c4e92045cae8f803bdfe79595d0528c","dc22c55ca65aa8ed43da09cfd7a89e807ef8083473f3e36e6f6684e5b20ac634","80183b62dabbbbaed2c0550e6eea4f911e2887619a8f463c02dfee348abfcb61","92ecc5eb4cc22193183584142daea3499944579dad925fdcf7b6dcb43d7aae54","7d9a56f9c3be5ce004428c0dc77c4f957509382800a7d9c38b5dc62550ee264f","aff3449bdc238776f5d6d967f19ec491b36aed5fb7f23ccff6500736fd58494a","613953ea4a9a3c4e6bbd5808e75d8f9ad4ef829615ff87104d5dbbb13f76c990","ee7e2f3fdb8209c4b6fd7bef6ba50d1b9dba30a25bb5c3126df057e1cb6f5331","fbb69fd9980eabd8c7057866aa445ea4bda92e960eb791c9b07a379b5f9f3384","3ee59515172ee198f3be375979df15ac5345183e656720a381b8872b2a39dc8b","52430399e04cbeb6dda769cc6ca525b98c7de73f0e4204c26d18bd244f8abe20"],"uploadUrl":"https://upload-firebasehosting.googleapis.com/upload/sites/autofix-7cfa7/versions/553642e52f642791/files"}
[debug] [2022-12-28T14:52:25.604Z] >>> [apiv2][query] POST https://upload-firebasehosting.googleapis.com/upload/sites/autofix-7cfa7/versions/553642e52f642791/files/54d1b55d90c7ab1fe2f25e78a9dc193a3e56545afd59a8d4f17db4492cb63233 [none]
[debug] [2022-12-28T14:52:25.604Z] >>> [apiv2][body] POST https://upload-firebasehosting.googleapis.com/upload/sites/autofix-7cfa7/versions/553642e52f642791/files/54d1b55d90c7ab1fe2f25e78a9dc193a3e56545afd59a8d4f17db4492cb63233 [stream]
[debug] [2022-12-28T14:52:25.607Z] >>> [apiv2][query] POST https://upload-firebasehosting.googleapis.com/upload/sites/autofix-7cfa7/versions/553642e52f642791/files/803b7debecdbaec4033838458e4e66fc95291e5cab0ae065889f9e1f10f3b9c2 [none]
[debug] [2022-12-28T14:52:25.607Z] >>> [apiv2][body] POST https://upload-firebasehosting.googleapis.com/upload/sites/autofix-7cfa7/versions/553642e52f642791/files/803b7debecdbaec4033838458e4e66fc95291e5cab0ae065889f9e1f10f3b9c2 [stream]
[debug] [2022-12-28T14:52:25.609Z] >>> [apiv2][query] POST https://upload-firebasehosting.googleapis.com/upload/sites/autofix-7cfa7/versions/553642e52f642791/files/d0e330bd0ab264993f5afa75ea8e1636bd3727c5a07ff4fc35ac3b6290952f67 [none]
[debug] [2022-12-28T14:52:25.609Z] >>> [apiv2][body] POST https://upload-firebasehosting.googleapis.com/upload/sites/autofix-7cfa7/versions/553642e52f642791/files/d0e330bd0ab264993f5afa75ea8e1636bd3727c5a07ff4fc35ac3b6290952f67 [stream]
[debug] [2022-12-28T14:52:25.610Z] >>> [apiv2][query] POST https://upload-firebasehosting.googleapis.com/upload/sites/autofix-7cfa7/versions/553642e52f642791/files/eae62e993eb980ec8a25058c39d5a51feab118bd2100c4deebb2a9c158ec11f9 [none]
[debug] [2022-12-28T14:52:25.611Z] >>> [apiv2][body] POST https://upload-firebasehosting.googleapis.com/upload/sites/autofix-7cfa7/versions/553642e52f642791/files/eae62e993eb980ec8a25058c39d5a51feab118bd2100c4deebb2a9c158ec11f9 [stream]
[debug] [2022-12-28T14:52:25.614Z] >>> [apiv2][query] POST https://upload-firebasehosting.googleapis.com/upload/sites/autofix-7cfa7/versions/553642e52f642791/files/488a684ca66c7fbe8bad477f1cbcee093ddd277e4b9020061c703d647b01fb8d [none]
[debug] [2022-12-28T14:52:25.614Z] >>> [apiv2][body] POST https://upload-firebasehosting.googleapis.com/upload/sites/autofix-7cfa7/versions/553642e52f642791/files/488a684ca66c7fbe8bad477f1cbcee093ddd277e4b9020061c703d647b01fb8d [stream]
[debug] [2022-12-28T14:52:25.618Z] >>> [apiv2][query] POST https://upload-firebasehosting.googleapis.com/upload/sites/autofix-7cfa7/versions/553642e52f642791/files/355a7edd58704fac91a0939ee0770a695b93d8c6d843e251954b99b20a5aef40 [none]
[debug] [2022-12-28T14:52:25.618Z] >>> [apiv2][body] POST https://upload-firebasehosting.googleapis.com/upload/sites/autofix-7cfa7/versions/553642e52f642791/files/355a7edd58704fac91a0939ee0770a695b93d8c6d843e251954b99b20a5aef40 [stream]
[debug] [2022-12-28T14:52:25.620Z] >>> [apiv2][query] POST https://upload-firebasehosting.googleapis.com/upload/sites/autofix-7cfa7/versions/553642e52f642791/files/5738d151d17f7cae7f3a2937cd17d69e98bdfd8e9ec3390c55bf04661fdcf23b [none]
[debug] [2022-12-28T14:52:25.620Z] >>> [apiv2][body] POST https://upload-firebasehosting.googleapis.com/upload/sites/autofix-7cfa7/versions/553642e52f642791/files/5738d151d17f7cae7f3a2937cd17d69e98bdfd8e9ec3390c55bf04661fdcf23b [stream]
[debug] [2022-12-28T14:52:25.622Z] >>> [apiv2][query] POST https://upload-firebasehosting.googleapis.com/upload/sites/autofix-7cfa7/versions/553642e52f642791/files/2e9780d146f7b78ed24d92413f38d5432184c6437122776a76d5990f609fcb0d [none]
[debug] [2022-12-28T14:52:25.622Z] >>> [apiv2][body] POST https://upload-firebasehosting.googleapis.com/upload/sites/autofix-7cfa7/versions/553642e52f642791/files/2e9780d146f7b78ed24d92413f38d5432184c6437122776a76d5990f609fcb0d [stream]
[debug] [2022-12-28T14:52:25.624Z] >>> [apiv2][query] POST https://upload-firebasehosting.googleapis.com/upload/sites/autofix-7cfa7/versions/553642e52f642791/files/bfe106a3fb878dc83461c86818bf74fc1bdc7f28538ba613cd3e775516ce8b49 [none]
[debug] [2022-12-28T14:52:25.624Z] >>> [apiv2][body] POST https://upload-firebasehosting.googleapis.com/upload/sites/autofix-7cfa7/versions/553642e52f642791/files/bfe106a3fb878dc83461c86818bf74fc1bdc7f28538ba613cd3e775516ce8b49 [stream]
[debug] [2022-12-28T14:52:25.625Z] >>> [apiv2][query] POST https://upload-firebasehosting.googleapis.com/upload/sites/autofix-7cfa7/versions/553642e52f642791/files/96fc3c24d0ed52711c54b2b00fed70a98d14dffdc2d88ba6a640923e2e77546b [none]
[debug] [2022-12-28T14:52:25.625Z] >>> [apiv2][body] POST https://upload-firebasehosting.googleapis.com/upload/sites/autofix-7cfa7/versions/553642e52f642791/files/96fc3c24d0ed52711c54b2b00fed70a98d14dffdc2d88ba6a640923e2e77546b [stream]
[debug] [2022-12-28T14:52:25.627Z] >>> [apiv2][query] POST https://upload-firebasehosting.googleapis.com/upload/sites/autofix-7cfa7/versions/553642e52f642791/files/056a2e47fe48525aeadb2b16e2a597f1bbc43d5ee3b6697f7a1d9fb19cf0f7f5 [none]
[debug] [2022-12-28T14:52:25.627Z] >>> [apiv2][body] POST https://upload-firebasehosting.googleapis.com/upload/sites/autofix-7cfa7/versions/553642e52f642791/files/056a2e47fe48525aeadb2b16e2a597f1bbc43d5ee3b6697f7a1d9fb19cf0f7f5 [stream]
[debug] [2022-12-28T14:52:25.629Z] >>> [apiv2][query] POST https://upload-firebasehosting.googleapis.com/upload/sites/autofix-7cfa7/versions/553642e52f642791/files/7c06d325f815c653059b2649bbcb87dc88c95b78cebc4850c4074ff459e16a44 [none]
[debug] [2022-12-28T14:52:25.629Z] >>> [apiv2][body] POST https://upload-firebasehosting.googleapis.com/upload/sites/autofix-7cfa7/versions/553642e52f642791/files/7c06d325f815c653059b2649bbcb87dc88c95b78cebc4850c4074ff459e16a44 [stream]
[debug] [2022-12-28T14:52:25.634Z] >>> [apiv2][query] POST https://upload-firebasehosting.googleapis.com/upload/sites/autofix-7cfa7/versions/553642e52f642791/files/b478b9d6898ca3760c22fe2add5527245c4e92045cae8f803bdfe79595d0528c [none]
[debug] [2022-12-28T14:52:25.634Z] >>> [apiv2][body] POST https://upload-firebasehosting.googleapis.com/upload/sites/autofix-7cfa7/versions/553642e52f642791/files/b478b9d6898ca3760c22fe2add5527245c4e92045cae8f803bdfe79595d0528c [stream]
[debug] [2022-12-28T14:52:25.635Z] >>> [apiv2][query] POST https://upload-firebasehosting.googleapis.com/upload/sites/autofix-7cfa7/versions/553642e52f642791/files/dc22c55ca65aa8ed43da09cfd7a89e807ef8083473f3e36e6f6684e5b20ac634 [none]
[debug] [2022-12-28T14:52:25.635Z] >>> [apiv2][body] POST https://upload-firebasehosting.googleapis.com/upload/sites/autofix-7cfa7/versions/553642e52f642791/files/dc22c55ca65aa8ed43da09cfd7a89e807ef8083473f3e36e6f6684e5b20ac634 [stream]
[debug] [2022-12-28T14:52:25.636Z] >>> [apiv2][query] POST https://upload-firebasehosting.googleapis.com/upload/sites/autofix-7cfa7/versions/553642e52f642791/files/80183b62dabbbbaed2c0550e6eea4f911e2887619a8f463c02dfee348abfcb61 [none]
[debug] [2022-12-28T14:52:25.636Z] >>> [apiv2][body] POST https://upload-firebasehosting.googleapis.com/upload/sites/autofix-7cfa7/versions/553642e52f642791/files/80183b62dabbbbaed2c0550e6eea4f911e2887619a8f463c02dfee348abfcb61 [stream]
[debug] [2022-12-28T14:52:25.637Z] >>> [apiv2][query] POST https://upload-firebasehosting.googleapis.com/upload/sites/autofix-7cfa7/versions/553642e52f642791/files/92ecc5eb4cc22193183584142daea3499944579dad925fdcf7b6dcb43d7aae54 [none]
[debug] [2022-12-28T14:52:25.637Z] >>> [apiv2][body] POST https://upload-firebasehosting.googleapis.com/upload/sites/autofix-7cfa7/versions/553642e52f642791/files/92ecc5eb4cc22193183584142daea3499944579dad925fdcf7b6dcb43d7aae54 [stream]
[debug] [2022-12-28T14:52:25.640Z] >>> [apiv2][query] POST https://upload-firebasehosting.googleapis.com/upload/sites/autofix-7cfa7/versions/553642e52f642791/files/7d9a56f9c3be5ce004428c0dc77c4f957509382800a7d9c38b5dc62550ee264f [none]
[debug] [2022-12-28T14:52:25.640Z] >>> [apiv2][body] POST https://upload-firebasehosting.googleapis.com/upload/sites/autofix-7cfa7/versions/553642e52f642791/files/7d9a56f9c3be5ce004428c0dc77c4f957509382800a7d9c38b5dc62550ee264f [stream]
[debug] [2022-12-28T14:52:25.641Z] >>> [apiv2][query] POST https://upload-firebasehosting.googleapis.com/upload/sites/autofix-7cfa7/versions/553642e52f642791/files/aff3449bdc238776f5d6d967f19ec491b36aed5fb7f23ccff6500736fd58494a [none]
[debug] [2022-12-28T14:52:25.642Z] >>> [apiv2][body] POST https://upload-firebasehosting.googleapis.com/upload/sites/autofix-7cfa7/versions/553642e52f642791/files/aff3449bdc238776f5d6d967f19ec491b36aed5fb7f23ccff6500736fd58494a [stream]
[debug] [2022-12-28T14:52:25.644Z] >>> [apiv2][query] POST https://upload-firebasehosting.googleapis.com/upload/sites/autofix-7cfa7/versions/553642e52f642791/files/613953ea4a9a3c4e6bbd5808e75d8f9ad4ef829615ff87104d5dbbb13f76c990 [none]
[debug] [2022-12-28T14:52:25.644Z] >>> [apiv2][body] POST https://upload-firebasehosting.googleapis.com/upload/sites/autofix-7cfa7/versions/553642e52f642791/files/613953ea4a9a3c4e6bbd5808e75d8f9ad4ef829615ff87104d5dbbb13f76c990 [stream]
[debug] [2022-12-28T14:52:25.645Z] >>> [apiv2][query] POST https://upload-firebasehosting.googleapis.com/upload/sites/autofix-7cfa7/versions/553642e52f642791/files/ee7e2f3fdb8209c4b6fd7bef6ba50d1b9dba30a25bb5c3126df057e1cb6f5331 [none]
[debug] [2022-12-28T14:52:25.645Z] >>> [apiv2][body] POST https://upload-firebasehosting.googleapis.com/upload/sites/autofix-7cfa7/versions/553642e52f642791/files/ee7e2f3fdb8209c4b6fd7bef6ba50d1b9dba30a25bb5c3126df057e1cb6f5331 [stream]
[debug] [2022-12-28T14:52:25.646Z] >>> [apiv2][query] POST https://upload-firebasehosting.googleapis.com/upload/sites/autofix-7cfa7/versions/553642e52f642791/files/fbb69fd9980eabd8c7057866aa445ea4bda92e960eb791c9b07a379b5f9f3384 [none]
[debug] [2022-12-28T14:52:25.646Z] >>> [apiv2][body] POST https://upload-firebasehosting.googleapis.com/upload/sites/autofix-7cfa7/versions/553642e52f642791/files/fbb69fd9980eabd8c7057866aa445ea4bda92e960eb791c9b07a379b5f9f3384 [stream]
[debug] [2022-12-28T14:52:25.647Z] >>> [apiv2][query] POST https://upload-firebasehosting.googleapis.com/upload/sites/autofix-7cfa7/versions/553642e52f642791/files/3ee59515172ee198f3be375979df15ac5345183e656720a381b8872b2a39dc8b [none]
[debug] [2022-12-28T14:52:25.647Z] >>> [apiv2][body] POST https://upload-firebasehosting.googleapis.com/upload/sites/autofix-7cfa7/versions/553642e52f642791/files/3ee59515172ee198f3be375979df15ac5345183e656720a381b8872b2a39dc8b [stream]
[debug] [2022-12-28T14:52:25.647Z] >>> [apiv2][query] POST https://upload-firebasehosting.googleapis.com/upload/sites/autofix-7cfa7/versions/553642e52f642791/files/52430399e04cbeb6dda769cc6ca525b98c7de73f0e4204c26d18bd244f8abe20 [none]
[debug] [2022-12-28T14:52:25.648Z] >>> [apiv2][body] POST https://upload-firebasehosting.googleapis.com/upload/sites/autofix-7cfa7/versions/553642e52f642791/files/52430399e04cbeb6dda769cc6ca525b98c7de73f0e4204c26d18bd244f8abe20 [stream]
[debug] [2022-12-28T14:52:25.648Z] [hosting][populate queue][FINAL] {"max":2254,"min":2254,"avg":2254,"active":0,"complete":1,"success":1,"errored":0,"retried":0,"total":1,"elapsed":2299}
[debug] [2022-12-28T14:52:25.649Z] [hosting] uploads queued: 23
[debug] [2022-12-28T14:52:33.851Z] <<< [apiv2][status] POST https://upload-firebasehosting.googleapis.com/upload/sites/autofix-7cfa7/versions/553642e52f642791/files/d0e330bd0ab264993f5afa75ea8e1636bd3727c5a07ff4fc35ac3b6290952f67 200
[debug] [2022-12-28T14:52:33.852Z] <<< [apiv2][body] POST https://upload-firebasehosting.googleapis.com/upload/sites/autofix-7cfa7/versions/553642e52f642791/files/d0e330bd0ab264993f5afa75ea8e1636bd3727c5a07ff4fc35ac3b6290952f67 [stream]
[debug] [2022-12-28T14:52:34.024Z] <<< [apiv2][status] POST https://upload-firebasehosting.googleapis.com/upload/sites/autofix-7cfa7/versions/553642e52f642791/files/7c06d325f815c653059b2649bbcb87dc88c95b78cebc4850c4074ff459e16a44 200
[debug] [2022-12-28T14:52:34.025Z] <<< [apiv2][body] POST https://upload-firebasehosting.googleapis.com/upload/sites/autofix-7cfa7/versions/553642e52f642791/files/7c06d325f815c653059b2649bbcb87dc88c95b78cebc4850c4074ff459e16a44 [stream]
[debug] [2022-12-28T14:52:34.276Z] <<< [apiv2][status] POST https://upload-firebasehosting.googleapis.com/upload/sites/autofix-7cfa7/versions/553642e52f642791/files/2e9780d146f7b78ed24d92413f38d5432184c6437122776a76d5990f609fcb0d 200
[debug] [2022-12-28T14:52:34.277Z] <<< [apiv2][body] POST https://upload-firebasehosting.googleapis.com/upload/sites/autofix-7cfa7/versions/553642e52f642791/files/2e9780d146f7b78ed24d92413f38d5432184c6437122776a76d5990f609fcb0d [stream]
[debug] [2022-12-28T14:52:34.580Z] <<< [apiv2][status] POST https://upload-firebasehosting.googleapis.com/upload/sites/autofix-7cfa7/versions/553642e52f642791/files/80183b62dabbbbaed2c0550e6eea4f911e2887619a8f463c02dfee348abfcb61 200
[debug] [2022-12-28T14:52:34.580Z] <<< [apiv2][body] POST https://upload-firebasehosting.googleapis.com/upload/sites/autofix-7cfa7/versions/553642e52f642791/files/80183b62dabbbbaed2c0550e6eea4f911e2887619a8f463c02dfee348abfcb61 [stream]
[debug] [2022-12-28T14:52:34.942Z] <<< [apiv2][status] POST https://upload-firebasehosting.googleapis.com/upload/sites/autofix-7cfa7/versions/553642e52f642791/files/aff3449bdc238776f5d6d967f19ec491b36aed5fb7f23ccff6500736fd58494a 200
[debug] [2022-12-28T14:52:34.942Z] <<< [apiv2][body] POST https://upload-firebasehosting.googleapis.com/upload/sites/autofix-7cfa7/versions/553642e52f642791/files/aff3449bdc238776f5d6d967f19ec491b36aed5fb7f23ccff6500736fd58494a [stream]
[debug] [2022-12-28T14:52:34.958Z] <<< [apiv2][status] POST https://upload-firebasehosting.googleapis.com/upload/sites/autofix-7cfa7/versions/553642e52f642791/files/bfe106a3fb878dc83461c86818bf74fc1bdc7f28538ba613cd3e775516ce8b49 200
[debug] [2022-12-28T14:52:34.958Z] <<< [apiv2][body] POST https://upload-firebasehosting.googleapis.com/upload/sites/autofix-7cfa7/versions/553642e52f642791/files/bfe106a3fb878dc83461c86818bf74fc1bdc7f28538ba613cd3e775516ce8b49 [stream]
[debug] [2022-12-28T14:52:35.049Z] <<< [apiv2][status] POST https://upload-firebasehosting.googleapis.com/upload/sites/autofix-7cfa7/versions/553642e52f642791/files/96fc3c24d0ed52711c54b2b00fed70a98d14dffdc2d88ba6a640923e2e77546b 200
[debug] [2022-12-28T14:52:35.049Z] <<< [apiv2][body] POST https://upload-firebasehosting.googleapis.com/upload/sites/autofix-7cfa7/versions/553642e52f642791/files/96fc3c24d0ed52711c54b2b00fed70a98d14dffdc2d88ba6a640923e2e77546b [stream]
[debug] [2022-12-28T14:52:35.195Z] <<< [apiv2][status] POST https://upload-firebasehosting.googleapis.com/upload/sites/autofix-7cfa7/versions/553642e52f642791/files/355a7edd58704fac91a0939ee0770a695b93d8c6d843e251954b99b20a5aef40 200
[debug] [2022-12-28T14:52:35.196Z] <<< [apiv2][body] POST https://upload-firebasehosting.googleapis.com/upload/sites/autofix-7cfa7/versions/553642e52f642791/files/355a7edd58704fac91a0939ee0770a695b93d8c6d843e251954b99b20a5aef40 [stream]
[debug] [2022-12-28T14:52:35.265Z] <<< [apiv2][status] POST https://upload-firebasehosting.googleapis.com/upload/sites/autofix-7cfa7/versions/553642e52f642791/files/7d9a56f9c3be5ce004428c0dc77c4f957509382800a7d9c38b5dc62550ee264f 200
[debug] [2022-12-28T14:52:35.266Z] <<< [apiv2][body] POST https://upload-firebasehosting.googleapis.com/upload/sites/autofix-7cfa7/versions/553642e52f642791/files/7d9a56f9c3be5ce004428c0dc77c4f957509382800a7d9c38b5dc62550ee264f [stream]
[debug] [2022-12-28T14:52:35.397Z] <<< [apiv2][status] POST https://upload-firebasehosting.googleapis.com/upload/sites/autofix-7cfa7/versions/553642e52f642791/files/ee7e2f3fdb8209c4b6fd7bef6ba50d1b9dba30a25bb5c3126df057e1cb6f5331 200
[debug] [2022-12-28T14:52:35.398Z] <<< [apiv2][body] POST https://upload-firebasehosting.googleapis.com/upload/sites/autofix-7cfa7/versions/553642e52f642791/files/ee7e2f3fdb8209c4b6fd7bef6ba50d1b9dba30a25bb5c3126df057e1cb6f5331 [stream]
[debug] [2022-12-28T14:52:35.402Z] <<< [apiv2][status] POST https://upload-firebasehosting.googleapis.com/upload/sites/autofix-7cfa7/versions/553642e52f642791/files/eae62e993eb980ec8a25058c39d5a51feab118bd2100c4deebb2a9c158ec11f9 200
[debug] [2022-12-28T14:52:35.402Z] <<< [apiv2][body] POST https://upload-firebasehosting.googleapis.com/upload/sites/autofix-7cfa7/versions/553642e52f642791/files/eae62e993eb980ec8a25058c39d5a51feab118bd2100c4deebb2a9c158ec11f9 [stream]
[debug] [2022-12-28T14:52:35.429Z] <<< [apiv2][status] POST https://upload-firebasehosting.googleapis.com/upload/sites/autofix-7cfa7/versions/553642e52f642791/files/3ee59515172ee198f3be375979df15ac5345183e656720a381b8872b2a39dc8b 200
[debug] [2022-12-28T14:52:35.430Z] <<< [apiv2][body] POST https://upload-firebasehosting.googleapis.com/upload/sites/autofix-7cfa7/versions/553642e52f642791/files/3ee59515172ee198f3be375979df15ac5345183e656720a381b8872b2a39dc8b [stream]
[debug] [2022-12-28T14:52:35.534Z] <<< [apiv2][status] POST https://upload-firebasehosting.googleapis.com/upload/sites/autofix-7cfa7/versions/553642e52f642791/files/056a2e47fe48525aeadb2b16e2a597f1bbc43d5ee3b6697f7a1d9fb19cf0f7f5 200
[debug] [2022-12-28T14:52:35.534Z] <<< [apiv2][body] POST https://upload-firebasehosting.googleapis.com/upload/sites/autofix-7cfa7/versions/553642e52f642791/files/056a2e47fe48525aeadb2b16e2a597f1bbc43d5ee3b6697f7a1d9fb19cf0f7f5 [stream]
[debug] [2022-12-28T14:52:35.603Z] <<< [apiv2][status] POST https://upload-firebasehosting.googleapis.com/upload/sites/autofix-7cfa7/versions/553642e52f642791/files/92ecc5eb4cc22193183584142daea3499944579dad925fdcf7b6dcb43d7aae54 200
[debug] [2022-12-28T14:52:35.604Z] <<< [apiv2][body] POST https://upload-firebasehosting.googleapis.com/upload/sites/autofix-7cfa7/versions/553642e52f642791/files/92ecc5eb4cc22193183584142daea3499944579dad925fdcf7b6dcb43d7aae54 [stream]
[debug] [2022-12-28T14:52:35.830Z] <<< [apiv2][status] POST https://upload-firebasehosting.googleapis.com/upload/sites/autofix-7cfa7/versions/553642e52f642791/files/b478b9d6898ca3760c22fe2add5527245c4e92045cae8f803bdfe79595d0528c 200
[debug] [2022-12-28T14:52:35.831Z] <<< [apiv2][body] POST https://upload-firebasehosting.googleapis.com/upload/sites/autofix-7cfa7/versions/553642e52f642791/files/b478b9d6898ca3760c22fe2add5527245c4e92045cae8f803bdfe79595d0528c [stream]
[debug] [2022-12-28T14:52:36.240Z] <<< [apiv2][status] POST https://upload-firebasehosting.googleapis.com/upload/sites/autofix-7cfa7/versions/553642e52f642791/files/52430399e04cbeb6dda769cc6ca525b98c7de73f0e4204c26d18bd244f8abe20 200
[debug] [2022-12-28T14:52:36.241Z] <<< [apiv2][body] POST https://upload-firebasehosting.googleapis.com/upload/sites/autofix-7cfa7/versions/553642e52f642791/files/52430399e04cbeb6dda769cc6ca525b98c7de73f0e4204c26d18bd244f8abe20 [stream]
[debug] [2022-12-28T14:52:36.412Z] <<< [apiv2][status] POST https://upload-firebasehosting.googleapis.com/upload/sites/autofix-7cfa7/versions/553642e52f642791/files/dc22c55ca65aa8ed43da09cfd7a89e807ef8083473f3e36e6f6684e5b20ac634 200
[debug] [2022-12-28T14:52:36.413Z] <<< [apiv2][body] POST https://upload-firebasehosting.googleapis.com/upload/sites/autofix-7cfa7/versions/553642e52f642791/files/dc22c55ca65aa8ed43da09cfd7a89e807ef8083473f3e36e6f6684e5b20ac634 [stream]
[debug] [2022-12-28T14:52:36.574Z] <<< [apiv2][status] POST https://upload-firebasehosting.googleapis.com/upload/sites/autofix-7cfa7/versions/553642e52f642791/files/613953ea4a9a3c4e6bbd5808e75d8f9ad4ef829615ff87104d5dbbb13f76c990 200
[debug] [2022-12-28T14:52:36.574Z] <<< [apiv2][body] POST https://upload-firebasehosting.googleapis.com/upload/sites/autofix-7cfa7/versions/553642e52f642791/files/613953ea4a9a3c4e6bbd5808e75d8f9ad4ef829615ff87104d5dbbb13f76c990 [stream]
[debug] [2022-12-28T14:52:36.626Z] <<< [apiv2][status] POST https://upload-firebasehosting.googleapis.com/upload/sites/autofix-7cfa7/versions/553642e52f642791/files/488a684ca66c7fbe8bad477f1cbcee093ddd277e4b9020061c703d647b01fb8d 200
[debug] [2022-12-28T14:52:36.626Z] <<< [apiv2][body] POST https://upload-firebasehosting.googleapis.com/upload/sites/autofix-7cfa7/versions/553642e52f642791/files/488a684ca66c7fbe8bad477f1cbcee093ddd277e4b9020061c703d647b01fb8d [stream]
[debug] [2022-12-28T14:52:36.931Z] <<< [apiv2][status] POST https://upload-firebasehosting.googleapis.com/upload/sites/autofix-7cfa7/versions/553642e52f642791/files/803b7debecdbaec4033838458e4e66fc95291e5cab0ae065889f9e1f10f3b9c2 200
[debug] [2022-12-28T14:52:36.931Z] <<< [apiv2][body] POST https://upload-firebasehosting.googleapis.com/upload/sites/autofix-7cfa7/versions/553642e52f642791/files/803b7debecdbaec4033838458e4e66fc95291e5cab0ae065889f9e1f10f3b9c2 [stream]
[debug] [2022-12-28T14:52:38.676Z] <<< [apiv2][status] POST https://upload-firebasehosting.googleapis.com/upload/sites/autofix-7cfa7/versions/553642e52f642791/files/fbb69fd9980eabd8c7057866aa445ea4bda92e960eb791c9b07a379b5f9f3384 200
[debug] [2022-12-28T14:52:38.677Z] <<< [apiv2][body] POST https://upload-firebasehosting.googleapis.com/upload/sites/autofix-7cfa7/versions/553642e52f642791/files/fbb69fd9980eabd8c7057866aa445ea4bda92e960eb791c9b07a379b5f9f3384 [stream]
[debug] [2022-12-28T14:52:39.126Z] <<< [apiv2][status] POST https://upload-firebasehosting.googleapis.com/upload/sites/autofix-7cfa7/versions/553642e52f642791/files/54d1b55d90c7ab1fe2f25e78a9dc193a3e56545afd59a8d4f17db4492cb63233 200
[debug] [2022-12-28T14:52:39.126Z] <<< [apiv2][body] POST https://upload-firebasehosting.googleapis.com/upload/sites/autofix-7cfa7/versions/553642e52f642791/files/54d1b55d90c7ab1fe2f25e78a9dc193a3e56545afd59a8d4f17db4492cb63233 [stream]
[debug] [2022-12-28T14:52:56.014Z] [uploadQueue] Retrying task 5738d151d17f7cae7f3a2937cd17d69e98bdfd8e9ec3390c55bf04661fdcf23b
[debug] [2022-12-28T14:52:56.016Z] >>> [apiv2][query] POST https://upload-firebasehosting.googleapis.com/upload/sites/autofix-7cfa7/versions/553642e52f642791/files/5738d151d17f7cae7f3a2937cd17d69e98bdfd8e9ec3390c55bf04661fdcf23b [none]
[debug] [2022-12-28T14:52:56.016Z] >>> [apiv2][body] POST https://upload-firebasehosting.googleapis.com/upload/sites/autofix-7cfa7/versions/553642e52f642791/files/5738d151d17f7cae7f3a2937cd17d69e98bdfd8e9ec3390c55bf04661fdcf23b [stream]
[debug] [2022-12-28T14:52:58.361Z] <<< [apiv2][status] POST https://upload-firebasehosting.googleapis.com/upload/sites/autofix-7cfa7/versions/553642e52f642791/files/5738d151d17f7cae7f3a2937cd17d69e98bdfd8e9ec3390c55bf04661fdcf23b 200
[debug] [2022-12-28T14:52:58.362Z] <<< [apiv2][body] POST https://upload-firebasehosting.googleapis.com/upload/sites/autofix-7cfa7/versions/553642e52f642791/files/5738d151d17f7cae7f3a2937cd17d69e98bdfd8e9ec3390c55bf04661fdcf23b [stream]
[debug] [2022-12-28T14:52:58.362Z] [hosting][upload queue][FINAL] {"max":13539,"min":2347,"avg":9790.260869565218,"active":0,"complete":23,"success":23,"errored":0,"retried":1,"total":23,"elapsed":32774}
[info] +  hosting[autofix-7cfa7]: file upload complete 
[debug] [2022-12-28T14:52:58.366Z] [hosting] deploy completed after 35340ms
[debug] [2022-12-28T14:52:58.377Z] [
  {
    "config": {
      "public": "build",
      "ignore": [
        "firebase.json",
        "**/.*",
        "**/node_modules/**"
      ],
      "rewrites": [
        {
          "source": "**",
          "destination": "/index.html"
        }
      ],
      "site": "autofix-7cfa7"
    },
    "version": "projects/276927858003/sites/autofix-7cfa7/versions/553642e52f642791"
  }
]
[info] i  hosting[autofix-7cfa7]: finalizing version... 
[debug] [2022-12-28T14:52:58.388Z] >>> [apiv2][query] PATCH https://firebasehosting.googleapis.com/v1beta1/projects/-/sites/autofix-7cfa7/versions/553642e52f642791 updateMask=status%2Cconfig
[debug] [2022-12-28T14:52:58.389Z] >>> [apiv2][body] PATCH https://firebasehosting.googleapis.com/v1beta1/projects/-/sites/autofix-7cfa7/versions/553642e52f642791 {"status":"FINALIZED","config":{"rewrites":[{"glob":"**","path":"/index.html"}]}}
[debug] [2022-12-28T14:53:00.674Z] <<< [apiv2][status] PATCH https://firebasehosting.googleapis.com/v1beta1/projects/-/sites/autofix-7cfa7/versions/553642e52f642791 200
[debug] [2022-12-28T14:53:00.674Z] <<< [apiv2][body] PATCH https://firebasehosting.googleapis.com/v1beta1/projects/-/sites/autofix-7cfa7/versions/553642e52f642791 {"name":"projects/276927858003/sites/autofix-7cfa7/versions/553642e52f642791","status":"FINALIZED","config":{"rewrites":[{"glob":"**","path":"/index.html"}]},"labels":{"deployment-tool":"cli-firebase"},"createTime":"2022-12-28T14:52:20.929081Z","createUser":{"email":"masudulalammaruf@gmail.com"},"finalizeTime":"2022-12-28T14:53:00.140465Z","finalizeUser":{"email":"masudulalammaruf@gmail.com"}}
[debug] [2022-12-28T14:53:00.675Z] [hosting] finalized version for autofix-7cfa7:[object Object]
[info] +  hosting[autofix-7cfa7]: version finalized 
[info] i  hosting[autofix-7cfa7]: releasing new version... 
[debug] [2022-12-28T14:53:00.680Z] >>> [apiv2][query] POST https://firebasehosting.googleapis.com/v1beta1/projects/-/sites/autofix-7cfa7/channels/live/releases versionName=projects%2F276927858003%2Fsites%2Fautofix-7cfa7%2Fversions%2F553642e52f642791
[debug] [2022-12-28T14:53:00.680Z] >>> [apiv2][body] POST https://firebasehosting.googleapis.com/v1beta1/projects/-/sites/autofix-7cfa7/channels/live/releases {}
[debug] [2022-12-28T14:53:02.901Z] <<< [apiv2][status] POST https://firebasehosting.googleapis.com/v1beta1/projects/-/sites/autofix-7cfa7/channels/live/releases 200
[debug] [2022-12-28T14:53:02.901Z] <<< [apiv2][body] POST https://firebasehosting.googleapis.com/v1beta1/projects/-/sites/autofix-7cfa7/channels/live/releases {"name":"projects/276927858003/sites/autofix-7cfa7/channels/live/releases/1672239181597850","version":{"name":"projects/276927858003/sites/autofix-7cfa7/versions/553642e52f642791","status":"FINALIZED","config":{"rewrites":[{"glob":"**","path":"/index.html"}]},"labels":{"deployment-tool":"cli-firebase"},"createTime":"2022-12-28T14:52:20.929081Z","createUser":{"email":"masudulalammaruf@gmail.com","imageUrl":"https://lh3.googleusercontent.com/a/AEdFTp5hnICsWjtKwYZOYP1Wof8ZPCQ_NQsK-L30uFQ_Jg=mo"},"finalizeTime":"2022-12-28T14:53:00.140465Z","finalizeUser":{"email":"masudulalammaruf@gmail.com","imageUrl":"https://lh3.googleusercontent.com/a/AEdFTp5hnICsWjtKwYZOYP1Wof8ZPCQ_NQsK-L30uFQ_Jg=mo"}},"type":"DEPLOY","releaseTime":"2022-12-28T14:53:01.597850687Z","releaseUser":{"email":"masudulalammaruf@gmail.com","imageUrl":"https://lh3.googleusercontent.com/a/AEdFTp5hnICsWjtKwYZOYP1Wof8ZPCQ_NQsK-L30uFQ_Jg=mo"}}
[debug] [2022-12-28T14:53:02.901Z] [hosting] release: {"name":"projects/276927858003/sites/autofix-7cfa7/channels/live/releases/1672239181597850","version":{"name":"projects/276927858003/sites/autofix-7cfa7/versions/553642e52f642791","status":"FINALIZED","config":{"rewrites":[{"glob":"**","path":"/index.html"}]},"labels":{"deployment-tool":"cli-firebase"},"createTime":"2022-12-28T14:52:20.929081Z","createUser":{"email":"masudulalammaruf@gmail.com","imageUrl":"https://lh3.googleusercontent.com/a/AEdFTp5hnICsWjtKwYZOYP1Wof8ZPCQ_NQsK-L30uFQ_Jg=mo"},"finalizeTime":"2022-12-28T14:53:00.140465Z","finalizeUser":{"email":"masudulalammaruf@gmail.com","imageUrl":"https://lh3.googleusercontent.com/a/AEdFTp5hnICsWjtKwYZOYP1Wof8ZPCQ_NQsK-L30uFQ_Jg=mo"}},"type":"DEPLOY","releaseTime":"2022-12-28T14:53:01.597850687Z","releaseUser":{"email":"masudulalammaruf@gmail.com","imageUrl":"https://lh3.googleusercontent.com/a/AEdFTp5hnICsWjtKwYZOYP1Wof8ZPCQ_NQsK-L30uFQ_Jg=mo"}}
[info] +  hosting[autofix-7cfa7]: release complete 
